<?xml version="1.0" encoding="UTF-8"?>
<!-- Generated by org.testng.reporters.JUnitReportReporter -->
<testsuite hostname="Anant" failures="0" tests="1" name="testCases.TC002_LoginTest" time="2.634" errors="0" timestamp="2025-06-02T14:39:39 EDT" skipped="0">
  <testcase classname="testCases.TC002_LoginTest" name="verify_loggedin" time="2.634"/>
</testsuite> <!-- testCases.TC002_LoginTest -->
