<?xml version="1.0" encoding="UTF-8"?>
<!-- Generated by org.testng.reporters.JUnitReportReporter -->
<testsuite hostname="Anant" failures="0" tests="1" name="testCases.TC001_AccountRegistrationTest" time="2.871" errors="0" timestamp="2025-06-03T11:34:52 EDT" skipped="0">
  <testcase classname="testCases.TC001_AccountRegistrationTest" name="verify_account_registration" time="2.871"/>
</testsuite> <!-- testCases.TC001_AccountRegistrationTest -->
